2018-08-10 10:33:01.046 [main] DEBUG com.imooc.o2o.dao.ShopDao.queryByShopId - ==>  Preparing: SELECT s.shop_id, s.shop_name, s.shop_desc, s.shop_addr, s.phone, s.shop_img, s.priority, s.create_time, s.last_edit_time, s.enable_status, s.advice, a.area_id, a.area_name, sc.shop_category_id, sc.shop_category_name FROM tb_shop s, tb_area a, tb_shop_category sc WHERE s.area_id=a.area_id AND s.shop_category_id = sc.shop_category_id AND s.shop_id = ? 
2018-08-10 10:33:01.077 [main] DEBUG com.imooc.o2o.dao.ShopDao.queryByShopId - ==> Parameters: 1(Long)
2018-08-10 10:33:01.093 [main] DEBUG com.imooc.o2o.dao.ShopDao.queryByShopId - <==      Total: 1
2018-08-10 10:33:01.099 [main] DEBUG com.imooc.o2o.util.ImageUtil - current relativeAddr is :upload\images\item\shop\1\2018081010330120276.jpg
2018-08-10 10:33:01.100 [main] DEBUG com.imooc.o2o.util.ImageUtil - current complete addr is :D:\projectdev\imageupload\images\item\shop\1\2018081010330120276.jpg
2018-08-10 10:33:01.100 [main] DEBUG com.imooc.o2o.util.ImageUtil - basePath is :/H:/wfStudyProject/o2o/target/test-classes/
2018-08-10 10:33:01.319 [main] DEBUG com.imooc.o2o.dao.ShopDao.updateShop - ==>  Preparing: update tb_shop SET shop_name=?, shop_img=?, last_edit_time=? where shop_id=? 
2018-08-10 10:33:01.321 [main] DEBUG com.imooc.o2o.dao.ShopDao.updateShop - ==> Parameters: 修改后的店铺名称(String), upload\images\item\shop\1\2018081010330120276.jpg(String), 2018-08-10 10:33:01.3(Timestamp), 1(Long)
2018-08-10 10:33:01.325 [main] DEBUG com.imooc.o2o.dao.ShopDao.updateShop - <==    Updates: 1
2018-08-10 10:33:01.326 [main] DEBUG com.imooc.o2o.dao.ShopDao.queryByShopId - ==>  Preparing: SELECT s.shop_id, s.shop_name, s.shop_desc, s.shop_addr, s.phone, s.shop_img, s.priority, s.create_time, s.last_edit_time, s.enable_status, s.advice, a.area_id, a.area_name, sc.shop_category_id, sc.shop_category_name FROM tb_shop s, tb_area a, tb_shop_category sc WHERE s.area_id=a.area_id AND s.shop_category_id = sc.shop_category_id AND s.shop_id = ? 
2018-08-10 10:33:01.326 [main] DEBUG com.imooc.o2o.dao.ShopDao.queryByShopId - ==> Parameters: 1(Long)
2018-08-10 10:33:01.328 [main] DEBUG com.imooc.o2o.dao.ShopDao.queryByShopId - <==      Total: 1
2018-08-10 14:22:19.216 [main] DEBUG com.imooc.o2o.dao.ShopDao.queryShopList - ==>  Preparing: SELECT s.shop_id, s.shop_name, s.shop_desc, s.shop_addr, s.phone, s.shop_img, s.priority, s.create_time, s.last_edit_time, s.enable_status, s.advice, a.area_id, a.area_name, sc.shop_category_id, sc.shop_category_name FROM tb_shop s, tb_area a, tb_shop_category sc WHERE s.owner_id = ? AND s.area_id=a.area_id AND s.shop_category_id = sc.shop_category_id ORDER BY s.priority DESC LIMIT ?,?; 
2018-08-10 14:22:19.245 [main] DEBUG com.imooc.o2o.dao.ShopDao.queryShopList - ==> Parameters: 1(Long), 0(Integer), 5(Integer)
2018-08-10 14:22:19.268 [main] DEBUG com.imooc.o2o.dao.ShopDao.queryShopList - <==      Total: 5
2018-08-10 14:22:50.730 [main] DEBUG com.imooc.o2o.dao.ShopDao.queryShopList - ==>  Preparing: SELECT s.shop_id, s.shop_name, s.shop_desc, s.shop_addr, s.phone, s.shop_img, s.priority, s.create_time, s.last_edit_time, s.enable_status, s.advice, a.area_id, a.area_name, sc.shop_category_id, sc.shop_category_name FROM tb_shop s, tb_area a, tb_shop_category sc WHERE s.owner_id = ? AND s.area_id=a.area_id AND s.shop_category_id = sc.shop_category_id ORDER BY s.priority DESC LIMIT ?,?; 
2018-08-10 14:22:50.758 [main] DEBUG com.imooc.o2o.dao.ShopDao.queryShopList - ==> Parameters: 2(Long), 0(Integer), 5(Integer)
2018-08-10 14:22:50.770 [main] DEBUG com.imooc.o2o.dao.ShopDao.queryShopList - <==      Total: 0
2018-08-10 14:25:56.902 [main] DEBUG com.imooc.o2o.dao.ShopDao.queryShopList - ==>  Preparing: SELECT s.shop_id, s.shop_name, s.shop_desc, s.shop_addr, s.phone, s.shop_img, s.priority, s.create_time, s.last_edit_time, s.enable_status, s.advice, a.area_id, a.area_name, sc.shop_category_id, sc.shop_category_name FROM tb_shop s, tb_area a, tb_shop_category sc WHERE s.owner_id = ? AND s.area_id=a.area_id AND s.shop_category_id = sc.shop_category_id ORDER BY s.priority DESC LIMIT ?,?; 
2018-08-10 14:25:56.928 [main] DEBUG com.imooc.o2o.dao.ShopDao.queryShopList - ==> Parameters: 1(Long), 0(Integer), 5(Integer)
2018-08-10 14:25:56.948 [main] DEBUG com.imooc.o2o.dao.ShopDao.queryShopList - <==      Total: 5
2018-08-10 14:25:56.954 [main] DEBUG com.imooc.o2o.dao.ShopDao.queryShopCount - ==>  Preparing: SELECT count(1) FROM tb_shop s, tb_area a, tb_shop_category sc WHERE s.owner_id = ? AND s.area_id=a.area_id AND s.shop_category_id = sc.shop_category_id 
2018-08-10 14:25:56.954 [main] DEBUG com.imooc.o2o.dao.ShopDao.queryShopCount - ==> Parameters: 1(Long)
2018-08-10 14:25:56.956 [main] DEBUG com.imooc.o2o.dao.ShopDao.queryShopCount - <==      Total: 1
2018-08-10 14:35:51.724 [main] DEBUG com.imooc.o2o.dao.ShopDao.queryShopList - ==>  Preparing: SELECT s.shop_id, s.shop_name, s.shop_desc, s.shop_addr, s.phone, s.shop_img, s.priority, s.create_time, s.last_edit_time, s.enable_status, s.advice, a.area_id, a.area_name, sc.shop_category_id, sc.shop_category_name FROM tb_shop s, tb_area a, tb_shop_category sc WHERE s.shop_category_id = ? AND s.area_id=a.area_id AND s.shop_category_id = sc.shop_category_id ORDER BY s.priority DESC LIMIT ?,?; 
2018-08-10 14:35:51.752 [main] DEBUG com.imooc.o2o.dao.ShopDao.queryShopList - ==> Parameters: 3(Long), 2(Integer), 2(Integer)
2018-08-10 14:35:51.767 [main] DEBUG com.imooc.o2o.dao.ShopDao.queryShopList - <==      Total: 0
2018-08-10 14:35:51.772 [main] DEBUG com.imooc.o2o.dao.ShopDao.queryShopCount - ==>  Preparing: SELECT count(1) FROM tb_shop s, tb_area a, tb_shop_category sc WHERE s.shop_category_id = ? AND s.area_id=a.area_id AND s.shop_category_id = sc.shop_category_id 
2018-08-10 14:35:51.773 [main] DEBUG com.imooc.o2o.dao.ShopDao.queryShopCount - ==> Parameters: 3(Long)
2018-08-10 14:35:51.775 [main] DEBUG com.imooc.o2o.dao.ShopDao.queryShopCount - <==      Total: 1
2018-08-10 14:36:04.733 [main] DEBUG com.imooc.o2o.dao.ShopDao.queryShopList - ==>  Preparing: SELECT s.shop_id, s.shop_name, s.shop_desc, s.shop_addr, s.phone, s.shop_img, s.priority, s.create_time, s.last_edit_time, s.enable_status, s.advice, a.area_id, a.area_name, sc.shop_category_id, sc.shop_category_name FROM tb_shop s, tb_area a, tb_shop_category sc WHERE s.shop_category_id = ? AND s.area_id=a.area_id AND s.shop_category_id = sc.shop_category_id ORDER BY s.priority DESC LIMIT ?,?; 
2018-08-10 14:36:04.758 [main] DEBUG com.imooc.o2o.dao.ShopDao.queryShopList - ==> Parameters: 1(Long), 2(Integer), 2(Integer)
2018-08-10 14:36:04.777 [main] DEBUG com.imooc.o2o.dao.ShopDao.queryShopList - <==      Total: 0
2018-08-10 14:36:04.782 [main] DEBUG com.imooc.o2o.dao.ShopDao.queryShopCount - ==>  Preparing: SELECT count(1) FROM tb_shop s, tb_area a, tb_shop_category sc WHERE s.shop_category_id = ? AND s.area_id=a.area_id AND s.shop_category_id = sc.shop_category_id 
2018-08-10 14:36:04.783 [main] DEBUG com.imooc.o2o.dao.ShopDao.queryShopCount - ==> Parameters: 1(Long)
2018-08-10 14:36:04.785 [main] DEBUG com.imooc.o2o.dao.ShopDao.queryShopCount - <==      Total: 1
2018-08-10 14:37:16.682 [main] DEBUG com.imooc.o2o.dao.ShopDao.queryShopList - ==>  Preparing: SELECT s.shop_id, s.shop_name, s.shop_desc, s.shop_addr, s.phone, s.shop_img, s.priority, s.create_time, s.last_edit_time, s.enable_status, s.advice, a.area_id, a.area_name, sc.shop_category_id, sc.shop_category_name FROM tb_shop s, tb_area a, tb_shop_category sc WHERE s.shop_category_id = ? AND s.area_id=a.area_id AND s.shop_category_id = sc.shop_category_id ORDER BY s.priority DESC LIMIT ?,?; 
2018-08-10 14:37:16.710 [main] DEBUG com.imooc.o2o.dao.ShopDao.queryShopList - ==> Parameters: 20(Long), 2(Integer), 2(Integer)
2018-08-10 14:37:16.728 [main] DEBUG com.imooc.o2o.dao.ShopDao.queryShopList - <==      Total: 0
2018-08-10 14:37:16.733 [main] DEBUG com.imooc.o2o.dao.ShopDao.queryShopCount - ==>  Preparing: SELECT count(1) FROM tb_shop s, tb_area a, tb_shop_category sc WHERE s.shop_category_id = ? AND s.area_id=a.area_id AND s.shop_category_id = sc.shop_category_id 
2018-08-10 14:37:16.734 [main] DEBUG com.imooc.o2o.dao.ShopDao.queryShopCount - ==> Parameters: 20(Long)
2018-08-10 14:37:16.735 [main] DEBUG com.imooc.o2o.dao.ShopDao.queryShopCount - <==      Total: 1
2018-08-10 14:37:30.764 [main] DEBUG com.imooc.o2o.dao.ShopDao.queryShopList - ==>  Preparing: SELECT s.shop_id, s.shop_name, s.shop_desc, s.shop_addr, s.phone, s.shop_img, s.priority, s.create_time, s.last_edit_time, s.enable_status, s.advice, a.area_id, a.area_name, sc.shop_category_id, sc.shop_category_name FROM tb_shop s, tb_area a, tb_shop_category sc WHERE s.shop_category_id = ? AND s.area_id=a.area_id AND s.shop_category_id = sc.shop_category_id ORDER BY s.priority DESC LIMIT ?,?; 
2018-08-10 14:37:30.791 [main] DEBUG com.imooc.o2o.dao.ShopDao.queryShopList - ==> Parameters: 20(Long), 0(Integer), 2(Integer)
2018-08-10 14:37:30.805 [main] DEBUG com.imooc.o2o.dao.ShopDao.queryShopList - <==      Total: 2
2018-08-10 14:37:30.811 [main] DEBUG com.imooc.o2o.dao.ShopDao.queryShopCount - ==>  Preparing: SELECT count(1) FROM tb_shop s, tb_area a, tb_shop_category sc WHERE s.shop_category_id = ? AND s.area_id=a.area_id AND s.shop_category_id = sc.shop_category_id 
2018-08-10 14:37:30.811 [main] DEBUG com.imooc.o2o.dao.ShopDao.queryShopCount - ==> Parameters: 20(Long)
2018-08-10 14:37:30.813 [main] DEBUG com.imooc.o2o.dao.ShopDao.queryShopCount - <==      Total: 1
